<?xml version="1.0" encoding="UTF-8"?>
<!-- Generated by org.testng.reporters.JUnitXMLReporter -->
<testsuite hostname="MDs-MacBook-Air.fios-router.home" ignored="2" name="Test" tests="6" failures="1" timestamp="2020-02-18T18:04:59 EST" time="19.085" errors="0">
  <testcase name="@AfterMethod Cleanup" time="0.001" classname="com.base.BaseClass">
    <failure type="java.lang.NullPointerException">
      <![CDATA[java.lang.NullPointerException
at com.base.BaseClass.Cleanup(BaseClass.java:98)
at java.util.ArrayList.forEach(ArrayList.java:1257)
at java.util.concurrent.FutureTask.run(FutureTask.java:266)
at java.util.concurrent.ThreadPoolExecutor.runWorker(ThreadPoolExecutor.java:1149)
at java.util.concurrent.ThreadPoolExecutor$Worker.run(ThreadPoolExecutor.java:624)
at java.lang.Thread.run(Thread.java:748)
... Removed 23 stack frames]]>
    </failure>
  </testcase> <!-- @AfterMethod Cleanup -->
  <testcase name="@BeforeMethod setup" time="-1.582067098747E9" classname="com.base.BaseClass">
    <skipped/>
  </testcase> <!-- @BeforeMethod setup -->
  <testcase name="@AfterMethod Cleanup" time="-1.582067098764E9" classname="com.base.BaseClass">
    <skipped/>
  </testcase> <!-- @AfterMethod Cleanup -->
  <testcase name="@BeforeMethod setup" time="-1.582067098766E9" classname="com.base.BaseClass">
    <skipped/>
  </testcase> <!-- @BeforeMethod setup -->
  <testcase name="@AfterMethod Cleanup" time="-1.582067098776E9" classname="com.base.BaseClass">
    <skipped/>
  </testcase> <!-- @AfterMethod Cleanup -->
  <testcase name="TotalHomePageLinks" time="0.276" classname="com.Tests.AmazonHomepageTest"/>
  <testcase name="checkAmazonLogo" time="0.173" classname="com.Tests.AmazonHomepageTest"/>
  <testcase name="homepageTitle" time="0.044" classname="com.Tests.AmazonHomepageTest"/>
  <testcase name="LogIn_Invlid_Email" time="0.001" classname="com.Tests.AmazonLoginTest">
    <failure type="java.lang.NullPointerException">
      <![CDATA[java.lang.NullPointerException
at com.Tests.AmazonLoginTest.LogIn_Invlid_Email(AmazonLoginTest.java:48)
at java.util.ArrayList.forEach(ArrayList.java:1257)
at java.util.concurrent.FutureTask.run(FutureTask.java:266)
at java.util.concurrent.ThreadPoolExecutor.runWorker(ThreadPoolExecutor.java:1149)
at java.util.concurrent.ThreadPoolExecutor$Worker.run(ThreadPoolExecutor.java:624)
at java.lang.Thread.run(Thread.java:748)
... Removed 18 stack frames]]>
    </failure>
  </testcase> <!-- LogIn_Invlid_Email -->
  <testcase name="LogIn_ValidEmail_invalidPass" time="0.0" classname="com.Tests.AmazonLoginTest">
    <skipped/>
  </testcase> <!-- LogIn_ValidEmail_invalidPass -->
  <testcase name="LoginwithValidINFO" time="0.0" classname="com.Tests.AmazonLoginTest">
    <skipped/>
  </testcase> <!-- LoginwithValidINFO -->
  <testcase name="@AfterTest Teardown" time="0.0" classname="com.base.BaseClass">
    <ignored/>
  </testcase> <!-- @AfterTest Teardown -->
  <testcase name="@BeforeTest setup" time="0.0" classname="com.base.BaseClass">
    <ignored/>
  </testcase> <!-- @BeforeTest setup -->
</testsuite> <!-- Test -->
