<?xml version="1.0" encoding="UTF-8"?>
<!-- Generated by org.testng.reporters.JUnitXMLReporter -->
<testsuite hostname="MDs-MacBook-Air.fios-router.home" ignored="0" name="Test" tests="3" failures="0" timestamp="2020-02-18T14:03:20 EST" time="13.99" errors="0">
  <testcase name="TotalHomePageLinks" time="0.242" classname="com.Tests.AmazonHomepageTest"/>
  <testcase name="checkAmazonLogo" time="0.186" classname="com.Tests.AmazonHomepageTest"/>
  <testcase name="homepageTitle" time="0.129" classname="com.Tests.AmazonHomepageTest"/>
</testsuite> <!-- Test -->
