<?xml version="1.0" encoding="UTF-8"?>
<testng-results skipped="0" failed="0" ignored="0" total="3" passed="3">
  <reporter-output>
  </reporter-output>
  <suite name="Suite" duration-ms="13990" started-at="2020-02-18T14:03:06 EST" finished-at="2020-02-18T14:03:20 EST">
    <groups>
    </groups>
    <test name="Test" duration-ms="13990" started-at="2020-02-18T14:03:06 EST" finished-at="2020-02-18T14:03:20 EST">
      <class name="com.Tests.AmazonHomepageTest">
        <test-method status="PASS" signature="setup()[pri:0, instance:com.Tests.AmazonHomepageTest@cd2dae5]" name="setup" is-config="true" duration-ms="134" started-at="2020-02-18T14:03:06 EST" finished-at="2020-02-18T14:03:06 EST">
          <reporter-output>
          </reporter-output>
        </test-method> <!-- setup -->
        <test-method status="PASS" signature="setup(java.lang.String)[pri:0, instance:com.Tests.AmazonHomepageTest@cd2dae5]" name="setup" is-config="true" duration-ms="4640" started-at="2020-02-18T14:03:06 EST" finished-at="2020-02-18T14:03:11 EST">
          <params>
            <param index="0">
              <value>
                <![CDATA[MACchrome]]>
              </value>
            </param>
          </params>
          <reporter-output>
          </reporter-output>
        </test-method> <!-- setup -->
        <test-method status="PASS" signature="TotalHomePageLinks()[pri:0, instance:com.Tests.AmazonHomepageTest@cd2dae5]" name="TotalHomePageLinks" duration-ms="242" started-at="2020-02-18T14:03:11 EST" finished-at="2020-02-18T14:03:11 EST">
          <reporter-output>
          </reporter-output>
        </test-method> <!-- TotalHomePageLinks -->
        <test-method status="PASS" signature="Cleanup(org.testng.ITestResult)[pri:0, instance:com.Tests.AmazonHomepageTest@cd2dae5]" name="Cleanup" is-config="true" duration-ms="266" started-at="2020-02-18T14:03:11 EST" finished-at="2020-02-18T14:03:11 EST">
          <params>
            <param index="0">
              <value>
                <![CDATA[[TestResult name=TotalHomePageLinks status=SUCCESS method=AmazonHomepageTest.TotalHomePageLinks()[pri:0, instance:com.Tests.AmazonHomepageTest@cd2dae5] output={null}]]]>
              </value>
            </param>
          </params>
          <reporter-output>
          </reporter-output>
        </test-method> <!-- Cleanup -->
        <test-method status="PASS" signature="setup(java.lang.String)[pri:0, instance:com.Tests.AmazonHomepageTest@cd2dae5]" name="setup" is-config="true" duration-ms="3691" started-at="2020-02-18T14:03:11 EST" finished-at="2020-02-18T14:03:15 EST">
          <params>
            <param index="0">
              <value>
                <![CDATA[MACchrome]]>
              </value>
            </param>
          </params>
          <reporter-output>
          </reporter-output>
        </test-method> <!-- setup -->
        <test-method status="PASS" signature="checkAmazonLogo()[pri:0, instance:com.Tests.AmazonHomepageTest@cd2dae5]" name="checkAmazonLogo" duration-ms="186" started-at="2020-02-18T14:03:15 EST" finished-at="2020-02-18T14:03:15 EST">
          <reporter-output>
          </reporter-output>
        </test-method> <!-- checkAmazonLogo -->
        <test-method status="PASS" signature="Cleanup(org.testng.ITestResult)[pri:0, instance:com.Tests.AmazonHomepageTest@cd2dae5]" name="Cleanup" is-config="true" duration-ms="235" started-at="2020-02-18T14:03:15 EST" finished-at="2020-02-18T14:03:15 EST">
          <params>
            <param index="0">
              <value>
                <![CDATA[[TestResult name=checkAmazonLogo status=SUCCESS method=AmazonHomepageTest.checkAmazonLogo()[pri:0, instance:com.Tests.AmazonHomepageTest@cd2dae5] output={null}]]]>
              </value>
            </param>
          </params>
          <reporter-output>
          </reporter-output>
        </test-method> <!-- Cleanup -->
        <test-method status="PASS" signature="setup(java.lang.String)[pri:0, instance:com.Tests.AmazonHomepageTest@cd2dae5]" name="setup" is-config="true" duration-ms="3824" started-at="2020-02-18T14:03:15 EST" finished-at="2020-02-18T14:03:19 EST">
          <params>
            <param index="0">
              <value>
                <![CDATA[MACchrome]]>
              </value>
            </param>
          </params>
          <reporter-output>
          </reporter-output>
        </test-method> <!-- setup -->
        <test-method status="PASS" signature="homepageTitle()[pri:0, instance:com.Tests.AmazonHomepageTest@cd2dae5]" name="homepageTitle" duration-ms="129" started-at="2020-02-18T14:03:19 EST" finished-at="2020-02-18T14:03:19 EST">
          <reporter-output>
          </reporter-output>
        </test-method> <!-- homepageTitle -->
        <test-method status="PASS" signature="Cleanup(org.testng.ITestResult)[pri:0, instance:com.Tests.AmazonHomepageTest@cd2dae5]" name="Cleanup" is-config="true" duration-ms="231" started-at="2020-02-18T14:03:19 EST" finished-at="2020-02-18T14:03:19 EST">
          <params>
            <param index="0">
              <value>
                <![CDATA[[TestResult name=homepageTitle status=SUCCESS method=AmazonHomepageTest.homepageTitle()[pri:0, instance:com.Tests.AmazonHomepageTest@cd2dae5] output={null}]]]>
              </value>
            </param>
          </params>
          <reporter-output>
          </reporter-output>
        </test-method> <!-- Cleanup -->
        <test-method status="PASS" signature="Teardown()[pri:0, instance:com.Tests.AmazonHomepageTest@cd2dae5]" name="Teardown" is-config="true" duration-ms="372" started-at="2020-02-18T14:03:19 EST" finished-at="2020-02-18T14:03:20 EST">
          <reporter-output>
          </reporter-output>
        </test-method> <!-- Teardown -->
      </class> <!-- com.Tests.AmazonHomepageTest -->
    </test> <!-- Test -->
  </suite> <!-- Suite -->
</testng-results>
